onnxsim ReDimNet_no_mel.onnx ReDimNet_no_mel_sim.onnx
Simplifying...
Finish! Here is the difference:
┏━━━━━━━━━━━━━━━━━━━━┳━━━━━━━━━━━━━━━━┳━━━━━━━━━━━━━━━━━━┓
┃                    ┃ Original Model ┃ Simplified Model ┃
┡━━━━━━━━━━━━━━━━━━━━╇━━━━━━━━━━━━━━━━╇━━━━━━━━━━━━━━━━━━┩
│ Add                │ 126            │ 126              │
│ BatchNormalization │ 36             │ 16               │
│ Cast               │ 1              │ 1                │
│ Clip               │ 1              │ 1                │
│ Concat             │ 79             │ 43               │
│ Constant           │ 828            │ 413              │
│ Conv               │ 124            │ 124              │
│ Div                │ 30             │ 30               │
│ Erf                │ 23             │ 23               │
│ Expand             │ 2              │ 2                │
│ Gather             │ 45             │ 38               │
│ Gemm               │ 1              │ 1                │
│ LayerNormalization │ 10             │ 10               │
│ MatMul             │ 40             │ 40               │
│ Mul                │ 98             │ 96               │
│ Pow                │ 13             │ 13               │
│ ReduceMean         │ 15             │ 14               │
│ ReduceProd         │ 1              │ 1                │
│ ReduceSum          │ 8              │ 8                │
│ Relu               │ 30             │ 30               │
│ Reshape            │ 51             │ 51               │
│ Shape              │ 47             │ 17               │
│ Softmax            │ 6              │ 6                │
│ Sqrt               │ 8              │ 8                │
│ Sub                │ 9              │ 9                │
│ Tanh               │ 6              │ 6                │
│ Transpose          │ 46             │ 46               │
│ Unsqueeze          │ 89             │ 48               │
│ Model Size         │ 4.1MiB         │ 4.1MiB           │
└────────────────────┴────────────────┴──────────────────┘
